Analysis & Synthesis report for FIFO
Thu Jan 25 17:02:17 2024
Quartus Prime Version 17.0.0 Build 595 04/25/2017 SJ Lite Edition


---------------------
; Table of Contents ;
---------------------
  1. Legal Notice
  2. Analysis & Synthesis Summary
  3. Analysis & Synthesis Settings
  4. Parallel Compilation
  5. Analysis & Synthesis Source Files Read
  6. Analysis & Synthesis Resource Usage Summary
  7. Analysis & Synthesis Resource Utilization by Entity
  8. Registers Removed During Synthesis
  9. General Register Statistics
 10. Multiplexer Restructuring Statistics (Restructuring Performed)
 11. Parameter Settings for User Entity Instance: FIFO:fifo_task3
 12. Parameter Settings for User Entity Instance: FIFO:fifo_task3|FIFO_Control:FC
 13. Post-Synthesis Netlist Statistics for Top Partition
 14. Elapsed Time Per Partition
 15. Analysis & Synthesis Messages



----------------
; Legal Notice ;
----------------
Copyright (C) 2017  Intel Corporation. All rights reserved.
Your use of Intel Corporation's design tools, logic functions 
and other software and tools, and its AMPP partner logic 
functions, and any output files from any of the foregoing 
(including device programming or simulation files), and any 
associated documentation or information are expressly subject 
to the terms and conditions of the Intel Program License 
Subscription Agreement, the Intel Quartus Prime License Agreement,
the Intel MegaCore Function License Agreement, or other 
applicable license agreement, including, without limitation, 
that your use is for the sole purpose of programming logic 
devices manufactured by Intel and sold by Intel or its 
authorized distributors.  Please refer to the applicable 
agreement for further details.



+-------------------------------------------------------------------------------+
; Analysis & Synthesis Summary                                                  ;
+---------------------------------+---------------------------------------------+
; Analysis & Synthesis Status     ; Successful - Thu Jan 25 17:02:17 2024       ;
; Quartus Prime Version           ; 17.0.0 Build 595 04/25/2017 SJ Lite Edition ;
; Revision Name                   ; FIFO                                        ;
; Top-level Entity Name           ; DE1_SoC_fifo                                ;
; Family                          ; Cyclone V                                   ;
; Logic utilization (in ALMs)     ; N/A                                         ;
; Total registers                 ; 54                                          ;
; Total pins                      ; 53                                          ;
; Total virtual pins              ; 0                                           ;
; Total block memory bits         ; 0                                           ;
; Total DSP Blocks                ; 0                                           ;
; Total HSSI RX PCSs              ; 0                                           ;
; Total HSSI PMA RX Deserializers ; 0                                           ;
; Total HSSI TX PCSs              ; 0                                           ;
; Total HSSI PMA TX Serializers   ; 0                                           ;
; Total PLLs                      ; 0                                           ;
; Total DLLs                      ; 0                                           ;
+---------------------------------+---------------------------------------------+


+---------------------------------------------------------------------------------------------------------------------------+
; Analysis & Synthesis Settings                                                                                             ;
+---------------------------------------------------------------------------------+--------------------+--------------------+
; Option                                                                          ; Setting            ; Default Value      ;
+---------------------------------------------------------------------------------+--------------------+--------------------+
; Device                                                                          ; 5CSEMA5F31C6       ;                    ;
; Top-level entity name                                                           ; DE1_SoC_fifo       ; FIFO               ;
; Family name                                                                     ; Cyclone V          ; Cyclone V          ;
; Use smart compilation                                                           ; Off                ; Off                ;
; Enable parallel Assembler and TimeQuest Timing Analyzer during compilation      ; On                 ; On                 ;
; Enable compact report table                                                     ; Off                ; Off                ;
; Restructure Multiplexers                                                        ; Auto               ; Auto               ;
; MLAB Add Timing Constraints For Mixed-Port Feed-Through Mode Setting Don't Care ; Off                ; Off                ;
; Create Debugging Nodes for IP Cores                                             ; Off                ; Off                ;
; Preserve fewer node names                                                       ; On                 ; On                 ;
; OpenCore Plus hardware evaluation                                               ; Enable             ; Enable             ;
; Verilog Version                                                                 ; Verilog_2001       ; Verilog_2001       ;
; VHDL Version                                                                    ; VHDL_1993          ; VHDL_1993          ;
; State Machine Processing                                                        ; Auto               ; Auto               ;
; Safe State Machine                                                              ; Off                ; Off                ;
; Extract Verilog State Machines                                                  ; On                 ; On                 ;
; Extract VHDL State Machines                                                     ; On                 ; On                 ;
; Ignore Verilog initial constructs                                               ; Off                ; Off                ;
; Iteration limit for constant Verilog loops                                      ; 5000               ; 5000               ;
; Iteration limit for non-constant Verilog loops                                  ; 250                ; 250                ;
; Add Pass-Through Logic to Inferred RAMs                                         ; On                 ; On                 ;
; Infer RAMs from Raw Logic                                                       ; On                 ; On                 ;
; Parallel Synthesis                                                              ; On                 ; On                 ;
; DSP Block Balancing                                                             ; Auto               ; Auto               ;
; NOT Gate Push-Back                                                              ; On                 ; On                 ;
; Power-Up Don't Care                                                             ; On                 ; On                 ;
; Remove Redundant Logic Cells                                                    ; Off                ; Off                ;
; Remove Duplicate Registers                                                      ; On                 ; On                 ;
; Ignore CARRY Buffers                                                            ; Off                ; Off                ;
; Ignore CASCADE Buffers                                                          ; Off                ; Off                ;
; Ignore GLOBAL Buffers                                                           ; Off                ; Off                ;
; Ignore ROW GLOBAL Buffers                                                       ; Off                ; Off                ;
; Ignore LCELL Buffers                                                            ; Off                ; Off                ;
; Ignore SOFT Buffers                                                             ; On                 ; On                 ;
; Limit AHDL Integers to 32 Bits                                                  ; Off                ; Off                ;
; Optimization Technique                                                          ; Balanced           ; Balanced           ;
; Carry Chain Length                                                              ; 70                 ; 70                 ;
; Auto Carry Chains                                                               ; On                 ; On                 ;
; Auto Open-Drain Pins                                                            ; On                 ; On                 ;
; Perform WYSIWYG Primitive Resynthesis                                           ; Off                ; Off                ;
; Auto ROM Replacement                                                            ; On                 ; On                 ;
; Auto RAM Replacement                                                            ; On                 ; On                 ;
; Auto DSP Block Replacement                                                      ; On                 ; On                 ;
; Auto Shift Register Replacement                                                 ; Auto               ; Auto               ;
; Allow Shift Register Merging across Hierarchies                                 ; Auto               ; Auto               ;
; Auto Clock Enable Replacement                                                   ; On                 ; On                 ;
; Strict RAM Replacement                                                          ; Off                ; Off                ;
; Allow Synchronous Control Signals                                               ; On                 ; On                 ;
; Force Use of Synchronous Clear Signals                                          ; Off                ; Off                ;
; Auto Resource Sharing                                                           ; Off                ; Off                ;
; Allow Any RAM Size For Recognition                                              ; Off                ; Off                ;
; Allow Any ROM Size For Recognition                                              ; Off                ; Off                ;
; Allow Any Shift Register Size For Recognition                                   ; Off                ; Off                ;
; Use LogicLock Constraints during Resource Balancing                             ; On                 ; On                 ;
; Ignore translate_off and synthesis_off directives                               ; Off                ; Off                ;
; Timing-Driven Synthesis                                                         ; On                 ; On                 ;
; Report Parameter Settings                                                       ; On                 ; On                 ;
; Report Source Assignments                                                       ; On                 ; On                 ;
; Report Connectivity Checks                                                      ; On                 ; On                 ;
; Ignore Maximum Fan-Out Assignments                                              ; Off                ; Off                ;
; Synchronization Register Chain Length                                           ; 3                  ; 3                  ;
; PowerPlay Power Optimization During Synthesis                                   ; Normal compilation ; Normal compilation ;
; HDL message level                                                               ; Level2             ; Level2             ;
; Suppress Register Optimization Related Messages                                 ; Off                ; Off                ;
; Number of Removed Registers Reported in Synthesis Report                        ; 5000               ; 5000               ;
; Number of Swept Nodes Reported in Synthesis Report                              ; 5000               ; 5000               ;
; Number of Inverted Registers Reported in Synthesis Report                       ; 100                ; 100                ;
; Clock MUX Protection                                                            ; On                 ; On                 ;
; Auto Gated Clock Conversion                                                     ; Off                ; Off                ;
; Block Design Naming                                                             ; Auto               ; Auto               ;
; SDC constraint protection                                                       ; Off                ; Off                ;
; Synthesis Effort                                                                ; Auto               ; Auto               ;
; Shift Register Replacement - Allow Asynchronous Clear Signal                    ; On                 ; On                 ;
; Pre-Mapping Resynthesis Optimization                                            ; Off                ; Off                ;
; Analysis & Synthesis Message Level                                              ; Medium             ; Medium             ;
; Disable Register Merging Across Hierarchies                                     ; Auto               ; Auto               ;
; Resource Aware Inference For Block RAM                                          ; On                 ; On                 ;
; Automatic Parallel Synthesis                                                    ; On                 ; On                 ;
; Partial Reconfiguration Bitstream ID                                            ; Off                ; Off                ;
+---------------------------------------------------------------------------------+--------------------+--------------------+


+------------------------------------------+
; Parallel Compilation                     ;
+----------------------------+-------------+
; Processors                 ; Number      ;
+----------------------------+-------------+
; Number detected on machine ; 8           ;
; Maximum allowed            ; 4           ;
;                            ;             ;
; Average used               ; 1.00        ;
; Maximum used               ; 4           ;
;                            ;             ;
; Usage by Processor         ; % Time Used ;
;     Processor 1            ; 100.0%      ;
;     Processors 2-4         ;   0.0%      ;
+----------------------------+-------------+


+--------------------------------------------------------------------------------------------------------------------------------------------------------------------------------------------------------------+
; Analysis & Synthesis Source Files Read                                                                                                                                                                       ;
+----------------------------------+-----------------+------------------------------+----------------------------------------------------------------------------------------------------------------+---------+
; File Name with User-Entered Path ; Used in Netlist ; File Type                    ; File Name with Absolute Path                                                                                   ; Library ;
+----------------------------------+-----------------+------------------------------+----------------------------------------------------------------------------------------------------------------+---------+
; FIFO_Control.sv                  ; yes             ; User SystemVerilog HDL File  ; C:/Users/bdavi/OneDrive/Desktop/EE 371/Labs/lab2/task3/Lab2_Task3_skeleton/Lab2_Task3_skeleton/FIFO_Control.sv ;         ;
; FIFO.sv                          ; yes             ; User SystemVerilog HDL File  ; C:/Users/bdavi/OneDrive/Desktop/EE 371/Labs/lab2/task3/Lab2_Task3_skeleton/Lab2_Task3_skeleton/FIFO.sv         ;         ;
; DE1_SoC_fifo.sv                  ; yes             ; User SystemVerilog HDL File  ; C:/Users/bdavi/OneDrive/Desktop/EE 371/Labs/lab2/task3/Lab2_Task3_skeleton/Lab2_Task3_skeleton/DE1_SoC_fifo.sv ;         ;
; hexadecimal.sv                   ; yes             ; User SystemVerilog HDL File  ; C:/Users/bdavi/OneDrive/Desktop/EE 371/Labs/lab2/task3/Lab2_Task3_skeleton/Lab2_Task3_skeleton/hexadecimal.sv  ;         ;
; RAM_16x8.sv                      ; yes             ; User SystemVerilog HDL File  ; C:/Users/bdavi/OneDrive/Desktop/EE 371/Labs/lab2/task3/Lab2_Task3_skeleton/Lab2_Task3_skeleton/RAM_16x8.sv     ;         ;
+----------------------------------+-----------------+------------------------------+----------------------------------------------------------------------------------------------------------------+---------+


+--------------------------------------------------------------+
; Analysis & Synthesis Resource Usage Summary                  ;
+---------------------------------------------+----------------+
; Resource                                    ; Usage          ;
+---------------------------------------------+----------------+
; Estimate of Logic utilization (ALMs needed) ; 38             ;
;                                             ;                ;
; Combinational ALUT usage for logic          ; 58             ;
;     -- 7 input functions                    ; 0              ;
;     -- 6 input functions                    ; 10             ;
;     -- 5 input functions                    ; 6              ;
;     -- 4 input functions                    ; 33             ;
;     -- <=3 input functions                  ; 9              ;
;                                             ;                ;
; Dedicated logic registers                   ; 54             ;
;                                             ;                ;
; I/O pins                                    ; 53             ;
;                                             ;                ;
; Total DSP Blocks                            ; 0              ;
;                                             ;                ;
; Maximum fan-out node                        ; CLOCK_50~input ;
; Maximum fan-out                             ; 54             ;
; Total fan-out                               ; 486            ;
; Average fan-out                             ; 2.23           ;
+---------------------------------------------+----------------+


+---------------------------------------------------------------------------------------------------------------------------------------------------------------------------------------------------------------------+
; Analysis & Synthesis Resource Utilization by Entity                                                                                                                                                                 ;
+----------------------------+---------------------+---------------------------+-------------------+------------+------+--------------+-------------------------------------------------+--------------+--------------+
; Compilation Hierarchy Node ; Combinational ALUTs ; Dedicated Logic Registers ; Block Memory Bits ; DSP Blocks ; Pins ; Virtual Pins ; Full Hierarchy Name                             ; Entity Name  ; Library Name ;
+----------------------------+---------------------+---------------------------+-------------------+------------+------+--------------+-------------------------------------------------+--------------+--------------+
; |DE1_SoC_fifo              ; 58 (4)              ; 54 (4)                    ; 0                 ; 0          ; 53   ; 0            ; |DE1_SoC_fifo                                   ; DE1_SoC_fifo ; work         ;
;    |FIFO:fifo_task3|       ; 26 (0)              ; 50 (0)                    ; 0                 ; 0          ; 0    ; 0            ; |DE1_SoC_fifo|FIFO:fifo_task3                   ; FIFO         ; work         ;
;       |FIFO_Control:FC|    ; 14 (14)             ; 10 (10)                   ; 0                 ; 0          ; 0    ; 0            ; |DE1_SoC_fifo|FIFO:fifo_task3|FIFO_Control:FC   ; FIFO_Control ; work         ;
;       |RAM_16x8:ram2port|  ; 12 (12)             ; 40 (40)                   ; 0                 ; 0          ; 0    ; 0            ; |DE1_SoC_fifo|FIFO:fifo_task3|RAM_16x8:ram2port ; RAM_16x8     ; work         ;
;    |hexadecimal:five|      ; 7 (7)               ; 0 (0)                     ; 0                 ; 0          ; 0    ; 0            ; |DE1_SoC_fifo|hexadecimal:five                  ; hexadecimal  ; work         ;
;    |hexadecimal:four|      ; 7 (7)               ; 0 (0)                     ; 0                 ; 0          ; 0    ; 0            ; |DE1_SoC_fifo|hexadecimal:four                  ; hexadecimal  ; work         ;
;    |hexadecimal:one|       ; 7 (7)               ; 0 (0)                     ; 0                 ; 0          ; 0    ; 0            ; |DE1_SoC_fifo|hexadecimal:one                   ; hexadecimal  ; work         ;
;    |hexadecimal:zero|      ; 7 (7)               ; 0 (0)                     ; 0                 ; 0          ; 0    ; 0            ; |DE1_SoC_fifo|hexadecimal:zero                  ; hexadecimal  ; work         ;
+----------------------------+---------------------+---------------------------+-------------------+------------+------+--------------+-------------------------------------------------+--------------+--------------+
Note: For table entries with two numbers listed, the numbers in parentheses indicate the number of resources of the given type used by the specific entity alone. The numbers listed outside of parentheses indicate the total resources of the given type used by the specific entity and all of its sub-entities in the hierarchy.


+---------------------------------------------------------------------------------+
; Registers Removed During Synthesis                                              ;
+----------------------------------------+----------------------------------------+
; Register name                          ; Reason for Removal                     ;
+----------------------------------------+----------------------------------------+
; ps1[2..31]                             ; Stuck at GND due to stuck port data_in ;
; ps[2..31]                              ; Stuck at GND due to stuck port data_in ;
; Total Number of Removed Registers = 60 ;                                        ;
+----------------------------------------+----------------------------------------+


+------------------------------------------------------+
; General Register Statistics                          ;
+----------------------------------------------+-------+
; Statistic                                    ; Value ;
+----------------------------------------------+-------+
; Total registers                              ; 54    ;
; Number of registers using Synchronous Clear  ; 8     ;
; Number of registers using Synchronous Load   ; 1     ;
; Number of registers using Asynchronous Clear ; 0     ;
; Number of registers using Asynchronous Load  ; 0     ;
; Number of registers using Clock Enable       ; 40    ;
; Number of registers using Preset             ; 0     ;
+----------------------------------------------+-------+


+--------------------------------------------------------------------------------------------------------------------------------------------------------------------------+
; Multiplexer Restructuring Statistics (Restructuring Performed)                                                                                                           ;
+--------------------+-----------+---------------+----------------------+------------------------+------------+------------------------------------------------------------+
; Multiplexer Inputs ; Bus Width ; Baseline Area ; Area if Restructured ; Saving if Restructured ; Registered ; Example Multiplexer Output                                 ;
+--------------------+-----------+---------------+----------------------+------------------------+------------+------------------------------------------------------------+
; 3:1                ; 4 bits    ; 8 LEs         ; 4 LEs                ; 4 LEs                  ; Yes        ; |DE1_SoC_fifo|FIFO:fifo_task3|FIFO_Control:FC|readAddr[3]  ;
; 3:1                ; 4 bits    ; 8 LEs         ; 4 LEs                ; 4 LEs                  ; Yes        ; |DE1_SoC_fifo|FIFO:fifo_task3|FIFO_Control:FC|writeAddr[3] ;
+--------------------+-----------+---------------+----------------------+------------------------+------------+------------------------------------------------------------+


+--------------------------------------------------------------+
; Parameter Settings for User Entity Instance: FIFO:fifo_task3 ;
+----------------+-------+-------------------------------------+
; Parameter Name ; Value ; Type                                ;
+----------------+-------+-------------------------------------+
; depth          ; 4     ; Signed Integer                      ;
; width          ; 8     ; Signed Integer                      ;
+----------------+-------+-------------------------------------+
Note: In order to hide this table in the UI and the text report file, please set the "Show Parameter Settings in Synthesis Report" option in "Analysis and Synthesis Settings -> More Settings" to "Off".


+------------------------------------------------------------------------------+
; Parameter Settings for User Entity Instance: FIFO:fifo_task3|FIFO_Control:FC ;
+----------------+-------+-----------------------------------------------------+
; Parameter Name ; Value ; Type                                                ;
+----------------+-------+-----------------------------------------------------+
; depth          ; 4     ; Signed Integer                                      ;
+----------------+-------+-----------------------------------------------------+
Note: In order to hide this table in the UI and the text report file, please set the "Show Parameter Settings in Synthesis Report" option in "Analysis and Synthesis Settings -> More Settings" to "Off".


+-----------------------------------------------------+
; Post-Synthesis Netlist Statistics for Top Partition ;
+-----------------------+-----------------------------+
; Type                  ; Count                       ;
+-----------------------+-----------------------------+
; arriav_ff             ; 54                          ;
;     ENA               ; 37                          ;
;     ENA SCLR          ; 3                           ;
;     SCLR              ; 5                           ;
;     SLD               ; 1                           ;
;     plain             ; 8                           ;
; arriav_lcell_comb     ; 63                          ;
;     normal            ; 63                          ;
;         0 data inputs ; 1                           ;
;         1 data inputs ; 4                           ;
;         2 data inputs ; 3                           ;
;         3 data inputs ; 6                           ;
;         4 data inputs ; 33                          ;
;         5 data inputs ; 6                           ;
;         6 data inputs ; 10                          ;
; boundary_port         ; 53                          ;
;                       ;                             ;
; Max LUT depth         ; 2.00                        ;
; Average LUT depth     ; 1.25                        ;
+-----------------------+-----------------------------+


+-------------------------------+
; Elapsed Time Per Partition    ;
+----------------+--------------+
; Partition Name ; Elapsed Time ;
+----------------+--------------+
; Top            ; 00:00:01     ;
+----------------+--------------+


+-------------------------------+
; Analysis & Synthesis Messages ;
+-------------------------------+
Info: *******************************************************************
Info: Running Quartus Prime Analysis & Synthesis
    Info: Version 17.0.0 Build 595 04/25/2017 SJ Lite Edition
    Info: Processing started: Thu Jan 25 17:01:18 2024
Info: Command: quartus_map --read_settings_files=on --write_settings_files=off FIFO -c FIFO
Warning (18236): Number of processors has not been specified which may cause overloading on shared machines.  Set the global assignment NUM_PARALLEL_PROCESSORS in your QSF to an appropriate value for best performance.
Info (20030): Parallel compilation is enabled and will use 4 of the 4 processors detected
Info (12021): Found 2 design units, including 2 entities, in source file fifo_control.sv
    Info (12023): Found entity 1: FIFO_Control File: C:/Users/bdavi/OneDrive/Desktop/EE 371/Labs/lab2/task3/Lab2_Task3_skeleton/Lab2_Task3_skeleton/FIFO_Control.sv Line: 3
    Info (12023): Found entity 2: FIFO_Control_testbench File: C:/Users/bdavi/OneDrive/Desktop/EE 371/Labs/lab2/task3/Lab2_Task3_skeleton/Lab2_Task3_skeleton/FIFO_Control.sv Line: 32
Info (12021): Found 2 design units, including 2 entities, in source file fifo.sv
    Info (12023): Found entity 1: FIFO File: C:/Users/bdavi/OneDrive/Desktop/EE 371/Labs/lab2/task3/Lab2_Task3_skeleton/Lab2_Task3_skeleton/FIFO.sv Line: 2
    Info (12023): Found entity 2: FIFO_testbench File: C:/Users/bdavi/OneDrive/Desktop/EE 371/Labs/lab2/task3/Lab2_Task3_skeleton/Lab2_Task3_skeleton/FIFO.sv Line: 40
Info (12021): Found 2 design units, including 2 entities, in source file de1_soc_fifo.sv
    Info (12023): Found entity 1: DE1_SoC_fifo File: C:/Users/bdavi/OneDrive/Desktop/EE 371/Labs/lab2/task3/Lab2_Task3_skeleton/Lab2_Task3_skeleton/DE1_SoC_fifo.sv Line: 17
    Info (12023): Found entity 2: DE1_SoC_fifo_testbench File: C:/Users/bdavi/OneDrive/Desktop/EE 371/Labs/lab2/task3/Lab2_Task3_skeleton/Lab2_Task3_skeleton/DE1_SoC_fifo.sv Line: 118
Info (12021): Found 2 design units, including 2 entities, in source file hexadecimal.sv
    Info (12023): Found entity 1: hexadecimal File: C:/Users/bdavi/OneDrive/Desktop/EE 371/Labs/lab2/task3/Lab2_Task3_skeleton/Lab2_Task3_skeleton/hexadecimal.sv Line: 11
    Info (12023): Found entity 2: hexadecimal_testbench File: C:/Users/bdavi/OneDrive/Desktop/EE 371/Labs/lab2/task3/Lab2_Task3_skeleton/Lab2_Task3_skeleton/hexadecimal.sv Line: 58
Info (12021): Found 2 design units, including 2 entities, in source file ram_16x8.sv
    Info (12023): Found entity 1: RAM_16x8 File: C:/Users/bdavi/OneDrive/Desktop/EE 371/Labs/lab2/task3/Lab2_Task3_skeleton/Lab2_Task3_skeleton/RAM_16x8.sv Line: 12
    Info (12023): Found entity 2: RAM_16x8_testbench File: C:/Users/bdavi/OneDrive/Desktop/EE 371/Labs/lab2/task3/Lab2_Task3_skeleton/Lab2_Task3_skeleton/RAM_16x8.sv Line: 31
Info (12021): Found 1 design units, including 1 entities, in source file ram16x8.v
    Info (12023): Found entity 1: ram16x8 File: C:/Users/bdavi/OneDrive/Desktop/EE 371/Labs/lab2/task3/Lab2_Task3_skeleton/Lab2_Task3_skeleton/ram16x8.v Line: 40
Info (12021): Found 1 design units, including 1 entities, in source file newram16x8.v
    Info (12023): Found entity 1: newram16x8 File: C:/Users/bdavi/OneDrive/Desktop/EE 371/Labs/lab2/task3/Lab2_Task3_skeleton/Lab2_Task3_skeleton/newram16x8.v Line: 40
Info (12021): Found 2 design units, including 2 entities, in source file clock_divider.sv
    Info (12023): Found entity 1: clock_divider File: C:/Users/bdavi/OneDrive/Desktop/EE 371/Labs/lab2/task3/Lab2_Task3_skeleton/Lab2_Task3_skeleton/clock_divider.sv Line: 12
    Info (12023): Found entity 2: clock_divider_testbench File: C:/Users/bdavi/OneDrive/Desktop/EE 371/Labs/lab2/task3/Lab2_Task3_skeleton/Lab2_Task3_skeleton/clock_divider.sv Line: 24
Info (12127): Elaborating entity "DE1_SoC_fifo" for the top level hierarchy
Warning (10034): Output port "LEDR[7..0]" at DE1_SoC_fifo.sv(23) has no driver File: C:/Users/bdavi/OneDrive/Desktop/EE 371/Labs/lab2/task3/Lab2_Task3_skeleton/Lab2_Task3_skeleton/DE1_SoC_fifo.sv Line: 23
Info (12128): Elaborating entity "FIFO" for hierarchy "FIFO:fifo_task3" File: C:/Users/bdavi/OneDrive/Desktop/EE 371/Labs/lab2/task3/Lab2_Task3_skeleton/Lab2_Task3_skeleton/DE1_SoC_fifo.sv Line: 93
Info (12128): Elaborating entity "RAM_16x8" for hierarchy "FIFO:fifo_task3|RAM_16x8:ram2port" File: C:/Users/bdavi/OneDrive/Desktop/EE 371/Labs/lab2/task3/Lab2_Task3_skeleton/Lab2_Task3_skeleton/FIFO.sv Line: 21
Info (12128): Elaborating entity "FIFO_Control" for hierarchy "FIFO:fifo_task3|FIFO_Control:FC" File: C:/Users/bdavi/OneDrive/Desktop/EE 371/Labs/lab2/task3/Lab2_Task3_skeleton/Lab2_Task3_skeleton/FIFO.sv Line: 33
Warning (10230): Verilog HDL assignment warning at FIFO_Control.sv(23): truncated value with size 32 to match size of target (4) File: C:/Users/bdavi/OneDrive/Desktop/EE 371/Labs/lab2/task3/Lab2_Task3_skeleton/Lab2_Task3_skeleton/FIFO_Control.sv Line: 23
Warning (10230): Verilog HDL assignment warning at FIFO_Control.sv(24): truncated value with size 32 to match size of target (4) File: C:/Users/bdavi/OneDrive/Desktop/EE 371/Labs/lab2/task3/Lab2_Task3_skeleton/Lab2_Task3_skeleton/FIFO_Control.sv Line: 24
Info (12128): Elaborating entity "hexadecimal" for hierarchy "hexadecimal:zero" File: C:/Users/bdavi/OneDrive/Desktop/EE 371/Labs/lab2/task3/Lab2_Task3_skeleton/Lab2_Task3_skeleton/DE1_SoC_fifo.sv Line: 103
Warning (10059): Verilog HDL Case Statement warning at hexadecimal.sv(50): case item expression never matches the case expression because it contains an 'x' or 'z' value File: C:/Users/bdavi/OneDrive/Desktop/EE 371/Labs/lab2/task3/Lab2_Task3_skeleton/Lab2_Task3_skeleton/hexadecimal.sv Line: 50
Info (276014): Found 1 instances of uninferred RAM logic
    Info (276004): RAM logic "FIFO:fifo_task3|RAM_16x8:ram2port|memory_array" is uninferred due to inappropriate RAM size File: C:/Users/bdavi/OneDrive/Desktop/EE 371/Labs/lab2/task3/Lab2_Task3_skeleton/Lab2_Task3_skeleton/RAM_16x8.sv Line: 20
Warning (13024): Output pins are stuck at VCC or GND
    Warning (13410): Pin "LEDR[0]" is stuck at GND File: C:/Users/bdavi/OneDrive/Desktop/EE 371/Labs/lab2/task3/Lab2_Task3_skeleton/Lab2_Task3_skeleton/DE1_SoC_fifo.sv Line: 23
    Warning (13410): Pin "LEDR[1]" is stuck at GND File: C:/Users/bdavi/OneDrive/Desktop/EE 371/Labs/lab2/task3/Lab2_Task3_skeleton/Lab2_Task3_skeleton/DE1_SoC_fifo.sv Line: 23
    Warning (13410): Pin "LEDR[2]" is stuck at GND File: C:/Users/bdavi/OneDrive/Desktop/EE 371/Labs/lab2/task3/Lab2_Task3_skeleton/Lab2_Task3_skeleton/DE1_SoC_fifo.sv Line: 23
    Warning (13410): Pin "LEDR[3]" is stuck at GND File: C:/Users/bdavi/OneDrive/Desktop/EE 371/Labs/lab2/task3/Lab2_Task3_skeleton/Lab2_Task3_skeleton/DE1_SoC_fifo.sv Line: 23
    Warning (13410): Pin "LEDR[4]" is stuck at GND File: C:/Users/bdavi/OneDrive/Desktop/EE 371/Labs/lab2/task3/Lab2_Task3_skeleton/Lab2_Task3_skeleton/DE1_SoC_fifo.sv Line: 23
    Warning (13410): Pin "LEDR[5]" is stuck at GND File: C:/Users/bdavi/OneDrive/Desktop/EE 371/Labs/lab2/task3/Lab2_Task3_skeleton/Lab2_Task3_skeleton/DE1_SoC_fifo.sv Line: 23
    Warning (13410): Pin "LEDR[6]" is stuck at GND File: C:/Users/bdavi/OneDrive/Desktop/EE 371/Labs/lab2/task3/Lab2_Task3_skeleton/Lab2_Task3_skeleton/DE1_SoC_fifo.sv Line: 23
    Warning (13410): Pin "LEDR[7]" is stuck at GND File: C:/Users/bdavi/OneDrive/Desktop/EE 371/Labs/lab2/task3/Lab2_Task3_skeleton/Lab2_Task3_skeleton/DE1_SoC_fifo.sv Line: 23
Info (286030): Timing-Driven Synthesis is running
Info (16010): Generating hard_block partition "hard_block:auto_generated_inst"
    Info (16011): Adding 0 node(s), including 0 DDIO, 0 PLL, 0 transceiver and 0 LCELL
Warning (21074): Design contains 3 input pin(s) that do not drive logic
    Warning (15610): No output dependent on input pin "SW[8]" File: C:/Users/bdavi/OneDrive/Desktop/EE 371/Labs/lab2/task3/Lab2_Task3_skeleton/Lab2_Task3_skeleton/DE1_SoC_fifo.sv Line: 21
    Warning (15610): No output dependent on input pin "SW[9]" File: C:/Users/bdavi/OneDrive/Desktop/EE 371/Labs/lab2/task3/Lab2_Task3_skeleton/Lab2_Task3_skeleton/DE1_SoC_fifo.sv Line: 21
    Warning (15610): No output dependent on input pin "KEY[1]" File: C:/Users/bdavi/OneDrive/Desktop/EE 371/Labs/lab2/task3/Lab2_Task3_skeleton/Lab2_Task3_skeleton/DE1_SoC_fifo.sv Line: 22
Info (21057): Implemented 143 device resources after synthesis - the final resource count might be different
    Info (21058): Implemented 15 input pins
    Info (21059): Implemented 38 output pins
    Info (21061): Implemented 90 logic cells
Info: Quartus Prime Analysis & Synthesis was successful. 0 errors, 18 warnings
    Info: Peak virtual memory: 4828 megabytes
    Info: Processing ended: Thu Jan 25 17:02:17 2024
    Info: Elapsed time: 00:00:59
    Info: Total CPU time (on all processors): 00:00:18


