Analysis & Synthesis report for lab1
Mon Mar 04 14:59:52 2024
Quartus Prime Version 17.0.0 Build 595 04/25/2017 SJ Lite Edition


---------------------
; Table of Contents ;
---------------------
  1. Legal Notice
  2. Analysis & Synthesis Summary
  3. Analysis & Synthesis Settings
  4. Parallel Compilation
  5. Analysis & Synthesis Source Files Read
  6. Analysis & Synthesis Resource Usage Summary
  7. Analysis & Synthesis Resource Utilization by Entity
  8. Registers Removed During Synthesis
  9. General Register Statistics
 10. Multiplexer Restructuring Statistics (Restructuring Performed)
 11. Post-Synthesis Netlist Statistics for Top Partition
 12. Elapsed Time Per Partition
 13. Analysis & Synthesis Messages



----------------
; Legal Notice ;
----------------
Copyright (C) 2017  Intel Corporation. All rights reserved.
Your use of Intel Corporation's design tools, logic functions 
and other software and tools, and its AMPP partner logic 
functions, and any output files from any of the foregoing 
(including device programming or simulation files), and any 
associated documentation or information are expressly subject 
to the terms and conditions of the Intel Program License 
Subscription Agreement, the Intel Quartus Prime License Agreement,
the Intel MegaCore Function License Agreement, or other 
applicable license agreement, including, without limitation, 
that your use is for the sole purpose of programming logic 
devices manufactured by Intel and sold by Intel or its 
authorized distributors.  Please refer to the applicable 
agreement for further details.



+-------------------------------------------------------------------------------+
; Analysis & Synthesis Summary                                                  ;
+---------------------------------+---------------------------------------------+
; Analysis & Synthesis Status     ; Successful - Mon Mar 04 14:59:52 2024       ;
; Quartus Prime Version           ; 17.0.0 Build 595 04/25/2017 SJ Lite Edition ;
; Revision Name                   ; lab1                                        ;
; Top-level Entity Name           ; DE1_SoC_lot                                 ;
; Family                          ; Cyclone V                                   ;
; Logic utilization (in ALMs)     ; N/A                                         ;
; Total registers                 ; 8                                           ;
; Total pins                      ; 66                                          ;
; Total virtual pins              ; 0                                           ;
; Total block memory bits         ; 0                                           ;
; Total DSP Blocks                ; 0                                           ;
; Total HSSI RX PCSs              ; 0                                           ;
; Total HSSI PMA RX Deserializers ; 0                                           ;
; Total HSSI TX PCSs              ; 0                                           ;
; Total HSSI PMA TX Serializers   ; 0                                           ;
; Total PLLs                      ; 0                                           ;
; Total DLLs                      ; 0                                           ;
+---------------------------------+---------------------------------------------+


+---------------------------------------------------------------------------------------------------------------------------+
; Analysis & Synthesis Settings                                                                                             ;
+---------------------------------------------------------------------------------+--------------------+--------------------+
; Option                                                                          ; Setting            ; Default Value      ;
+---------------------------------------------------------------------------------+--------------------+--------------------+
; Device                                                                          ; 5CEFA5F23C6        ;                    ;
; Top-level entity name                                                           ; DE1_SoC_lot        ; lab1               ;
; Family name                                                                     ; Cyclone V          ; Cyclone V          ;
; Use smart compilation                                                           ; Off                ; Off                ;
; Enable parallel Assembler and TimeQuest Timing Analyzer during compilation      ; On                 ; On                 ;
; Enable compact report table                                                     ; Off                ; Off                ;
; Restructure Multiplexers                                                        ; Auto               ; Auto               ;
; MLAB Add Timing Constraints For Mixed-Port Feed-Through Mode Setting Don't Care ; Off                ; Off                ;
; Create Debugging Nodes for IP Cores                                             ; Off                ; Off                ;
; Preserve fewer node names                                                       ; On                 ; On                 ;
; OpenCore Plus hardware evaluation                                               ; Enable             ; Enable             ;
; Verilog Version                                                                 ; Verilog_2001       ; Verilog_2001       ;
; VHDL Version                                                                    ; VHDL_1993          ; VHDL_1993          ;
; State Machine Processing                                                        ; Auto               ; Auto               ;
; Safe State Machine                                                              ; Off                ; Off                ;
; Extract Verilog State Machines                                                  ; On                 ; On                 ;
; Extract VHDL State Machines                                                     ; On                 ; On                 ;
; Ignore Verilog initial constructs                                               ; Off                ; Off                ;
; Iteration limit for constant Verilog loops                                      ; 5000               ; 5000               ;
; Iteration limit for non-constant Verilog loops                                  ; 250                ; 250                ;
; Add Pass-Through Logic to Inferred RAMs                                         ; On                 ; On                 ;
; Infer RAMs from Raw Logic                                                       ; On                 ; On                 ;
; Parallel Synthesis                                                              ; On                 ; On                 ;
; DSP Block Balancing                                                             ; Auto               ; Auto               ;
; NOT Gate Push-Back                                                              ; On                 ; On                 ;
; Power-Up Don't Care                                                             ; On                 ; On                 ;
; Remove Redundant Logic Cells                                                    ; Off                ; Off                ;
; Remove Duplicate Registers                                                      ; On                 ; On                 ;
; Ignore CARRY Buffers                                                            ; Off                ; Off                ;
; Ignore CASCADE Buffers                                                          ; Off                ; Off                ;
; Ignore GLOBAL Buffers                                                           ; Off                ; Off                ;
; Ignore ROW GLOBAL Buffers                                                       ; Off                ; Off                ;
; Ignore LCELL Buffers                                                            ; Off                ; Off                ;
; Ignore SOFT Buffers                                                             ; On                 ; On                 ;
; Limit AHDL Integers to 32 Bits                                                  ; Off                ; Off                ;
; Optimization Technique                                                          ; Balanced           ; Balanced           ;
; Carry Chain Length                                                              ; 70                 ; 70                 ;
; Auto Carry Chains                                                               ; On                 ; On                 ;
; Auto Open-Drain Pins                                                            ; On                 ; On                 ;
; Perform WYSIWYG Primitive Resynthesis                                           ; Off                ; Off                ;
; Auto ROM Replacement                                                            ; On                 ; On                 ;
; Auto RAM Replacement                                                            ; On                 ; On                 ;
; Auto DSP Block Replacement                                                      ; On                 ; On                 ;
; Auto Shift Register Replacement                                                 ; Auto               ; Auto               ;
; Allow Shift Register Merging across Hierarchies                                 ; Auto               ; Auto               ;
; Auto Clock Enable Replacement                                                   ; On                 ; On                 ;
; Strict RAM Replacement                                                          ; Off                ; Off                ;
; Allow Synchronous Control Signals                                               ; On                 ; On                 ;
; Force Use of Synchronous Clear Signals                                          ; Off                ; Off                ;
; Auto Resource Sharing                                                           ; Off                ; Off                ;
; Allow Any RAM Size For Recognition                                              ; Off                ; Off                ;
; Allow Any ROM Size For Recognition                                              ; Off                ; Off                ;
; Allow Any Shift Register Size For Recognition                                   ; Off                ; Off                ;
; Use LogicLock Constraints during Resource Balancing                             ; On                 ; On                 ;
; Ignore translate_off and synthesis_off directives                               ; Off                ; Off                ;
; Timing-Driven Synthesis                                                         ; On                 ; On                 ;
; Report Parameter Settings                                                       ; On                 ; On                 ;
; Report Source Assignments                                                       ; On                 ; On                 ;
; Report Connectivity Checks                                                      ; On                 ; On                 ;
; Ignore Maximum Fan-Out Assignments                                              ; Off                ; Off                ;
; Synchronization Register Chain Length                                           ; 3                  ; 3                  ;
; PowerPlay Power Optimization During Synthesis                                   ; Normal compilation ; Normal compilation ;
; HDL message level                                                               ; Level2             ; Level2             ;
; Suppress Register Optimization Related Messages                                 ; Off                ; Off                ;
; Number of Removed Registers Reported in Synthesis Report                        ; 5000               ; 5000               ;
; Number of Swept Nodes Reported in Synthesis Report                              ; 5000               ; 5000               ;
; Number of Inverted Registers Reported in Synthesis Report                       ; 100                ; 100                ;
; Clock MUX Protection                                                            ; On                 ; On                 ;
; Auto Gated Clock Conversion                                                     ; Off                ; Off                ;
; Block Design Naming                                                             ; Auto               ; Auto               ;
; SDC constraint protection                                                       ; Off                ; Off                ;
; Synthesis Effort                                                                ; Auto               ; Auto               ;
; Shift Register Replacement - Allow Asynchronous Clear Signal                    ; On                 ; On                 ;
; Pre-Mapping Resynthesis Optimization                                            ; Off                ; Off                ;
; Analysis & Synthesis Message Level                                              ; Medium             ; Medium             ;
; Disable Register Merging Across Hierarchies                                     ; Auto               ; Auto               ;
; Resource Aware Inference For Block RAM                                          ; On                 ; On                 ;
; Automatic Parallel Synthesis                                                    ; On                 ; On                 ;
; Partial Reconfiguration Bitstream ID                                            ; Off                ; Off                ;
+---------------------------------------------------------------------------------+--------------------+--------------------+


+------------------------------------------+
; Parallel Compilation                     ;
+----------------------------+-------------+
; Processors                 ; Number      ;
+----------------------------+-------------+
; Number detected on machine ; 8           ;
; Maximum allowed            ; 4           ;
;                            ;             ;
; Average used               ; 1.00        ;
; Maximum used               ; 4           ;
;                            ;             ;
; Usage by Processor         ; % Time Used ;
;     Processor 1            ; 100.0%      ;
;     Processors 2-4         ;   0.0%      ;
+----------------------------+-------------+


+--------------------------------------------------------------------------------------------------------------------------------------------------------------+
; Analysis & Synthesis Source Files Read                                                                                                                       ;
+----------------------------------+-----------------+------------------------------+----------------------------------------------------------------+---------+
; File Name with User-Entered Path ; Used in Netlist ; File Type                    ; File Name with Absolute Path                                   ; Library ;
+----------------------------------+-----------------+------------------------------+----------------------------------------------------------------+---------+
; counter_25.sv                    ; yes             ; User SystemVerilog HDL File  ; C:/Users/bdavi/OneDrive/Desktop/EE371/Labs/lab1/counter_25.sv  ;         ;
; lot_counter.sv                   ; yes             ; User SystemVerilog HDL File  ; C:/Users/bdavi/OneDrive/Desktop/EE371/Labs/lab1/lot_counter.sv ;         ;
; DE1_SoC_lot.sv                   ; yes             ; User SystemVerilog HDL File  ; C:/Users/bdavi/OneDrive/Desktop/EE371/Labs/lab1/DE1_SoC_lot.sv ;         ;
+----------------------------------+-----------------+------------------------------+----------------------------------------------------------------+---------+


+--------------------------------------------------------------------+
; Analysis & Synthesis Resource Usage Summary                        ;
+---------------------------------------------+----------------------+
; Resource                                    ; Usage                ;
+---------------------------------------------+----------------------+
; Estimate of Logic utilization (ALMs needed) ; 36                   ;
;                                             ;                      ;
; Combinational ALUT usage for logic          ; 55                   ;
;     -- 7 input functions                    ; 1                    ;
;     -- 6 input functions                    ; 15                   ;
;     -- 5 input functions                    ; 23                   ;
;     -- 4 input functions                    ; 11                   ;
;     -- <=3 input functions                  ; 5                    ;
;                                             ;                      ;
; Dedicated logic registers                   ; 8                    ;
;                                             ;                      ;
; I/O pins                                    ; 66                   ;
;                                             ;                      ;
; Total DSP Blocks                            ; 0                    ;
;                                             ;                      ;
; Maximum fan-out node                        ; counter_25:c25|ps[1] ;
; Maximum fan-out                             ; 32                   ;
; Total fan-out                               ; 400                  ;
; Average fan-out                             ; 1.92                 ;
+---------------------------------------------+----------------------+


+----------------------------------------------------------------------------------------------------------------------------------------------------------------------------------------------------+
; Analysis & Synthesis Resource Utilization by Entity                                                                                                                                                ;
+----------------------------+---------------------+---------------------------+-------------------+------------+------+--------------+---------------------------------+-------------+--------------+
; Compilation Hierarchy Node ; Combinational ALUTs ; Dedicated Logic Registers ; Block Memory Bits ; DSP Blocks ; Pins ; Virtual Pins ; Full Hierarchy Name             ; Entity Name ; Library Name ;
+----------------------------+---------------------+---------------------------+-------------------+------------+------+--------------+---------------------------------+-------------+--------------+
; |DE1_SoC_lot               ; 55 (18)             ; 8 (0)                     ; 0                 ; 0          ; 66   ; 0            ; |DE1_SoC_lot                    ; DE1_SoC_lot ; work         ;
;    |counter_25:c25|        ; 31 (31)             ; 5 (5)                     ; 0                 ; 0          ; 0    ; 0            ; |DE1_SoC_lot|counter_25:c25     ; counter_25  ; work         ;
;    |lot_counter:parker|    ; 6 (6)               ; 3 (3)                     ; 0                 ; 0          ; 0    ; 0            ; |DE1_SoC_lot|lot_counter:parker ; lot_counter ; work         ;
+----------------------------+---------------------+---------------------------+-------------------+------------+------+--------------+---------------------------------+-------------+--------------+
Note: For table entries with two numbers listed, the numbers in parentheses indicate the number of resources of the given type used by the specific entity alone. The numbers listed outside of parentheses indicate the total resources of the given type used by the specific entity and all of its sub-entities in the hierarchy.


+---------------------------------------------------------------------------------+
; Registers Removed During Synthesis                                              ;
+----------------------------------------+----------------------------------------+
; Register name                          ; Reason for Removal                     ;
+----------------------------------------+----------------------------------------+
; counter_25:c25|ps[5..31]               ; Stuck at GND due to stuck port data_in ;
; lot_counter:parker|ps[3..31]           ; Stuck at GND due to stuck port data_in ;
; Total Number of Removed Registers = 56 ;                                        ;
+----------------------------------------+----------------------------------------+


+------------------------------------------------------+
; General Register Statistics                          ;
+----------------------------------------------+-------+
; Statistic                                    ; Value ;
+----------------------------------------------+-------+
; Total registers                              ; 8     ;
; Number of registers using Synchronous Clear  ; 0     ;
; Number of registers using Synchronous Load   ; 0     ;
; Number of registers using Asynchronous Clear ; 0     ;
; Number of registers using Asynchronous Load  ; 0     ;
; Number of registers using Clock Enable       ; 0     ;
; Number of registers using Preset             ; 0     ;
+----------------------------------------------+-------+


+------------------------------------------------------------------------------------------------------------------------------------------+
; Multiplexer Restructuring Statistics (Restructuring Performed)                                                                           ;
+--------------------+-----------+---------------+----------------------+------------------------+------------+----------------------------+
; Multiplexer Inputs ; Bus Width ; Baseline Area ; Area if Restructured ; Saving if Restructured ; Registered ; Example Multiplexer Output ;
+--------------------+-----------+---------------+----------------------+------------------------+------------+----------------------------+
; 32:1               ; 2 bits    ; 42 LEs        ; 26 LEs               ; 16 LEs                 ; No         ; |DE1_SoC_lot|HEX0          ;
+--------------------+-----------+---------------+----------------------+------------------------+------------+----------------------------+


+-----------------------------------------------------+
; Post-Synthesis Netlist Statistics for Top Partition ;
+-----------------------+-----------------------------+
; Type                  ; Count                       ;
+-----------------------+-----------------------------+
; arriav_ff             ; 8                           ;
;     plain             ; 8                           ;
; arriav_io_obuf        ; 13                          ;
; arriav_lcell_comb     ; 58                          ;
;     extend            ; 1                           ;
;         7 data inputs ; 1                           ;
;     normal            ; 57                          ;
;         0 data inputs ; 2                           ;
;         1 data inputs ; 1                           ;
;         2 data inputs ; 3                           ;
;         3 data inputs ; 2                           ;
;         4 data inputs ; 11                          ;
;         5 data inputs ; 23                          ;
;         6 data inputs ; 15                          ;
; boundary_port         ; 66                          ;
;                       ;                             ;
; Max LUT depth         ; 3.00                        ;
; Average LUT depth     ; 1.87                        ;
+-----------------------+-----------------------------+


+-------------------------------+
; Elapsed Time Per Partition    ;
+----------------+--------------+
; Partition Name ; Elapsed Time ;
+----------------+--------------+
; Top            ; 00:00:03     ;
+----------------+--------------+


+-------------------------------+
; Analysis & Synthesis Messages ;
+-------------------------------+
Info: *******************************************************************
Info: Running Quartus Prime Analysis & Synthesis
    Info: Version 17.0.0 Build 595 04/25/2017 SJ Lite Edition
    Info: Processing started: Mon Mar 04 14:59:24 2024
Info: Command: quartus_map --read_settings_files=on --write_settings_files=off lab1 -c lab1
Warning (18236): Number of processors has not been specified which may cause overloading on shared machines.  Set the global assignment NUM_PARALLEL_PROCESSORS in your QSF to an appropriate value for best performance.
Info (20030): Parallel compilation is enabled and will use 4 of the 4 processors detected
Info (12021): Found 2 design units, including 2 entities, in source file counter_25.sv
    Info (12023): Found entity 1: counter_25 File: C:/Users/bdavi/OneDrive/Desktop/EE371/Labs/lab1/counter_25.sv Line: 14
    Info (12023): Found entity 2: counter_25_testbench File: C:/Users/bdavi/OneDrive/Desktop/EE371/Labs/lab1/counter_25.sv Line: 163
Info (12021): Found 2 design units, including 2 entities, in source file lot_counter.sv
    Info (12023): Found entity 1: lot_counter File: C:/Users/bdavi/OneDrive/Desktop/EE371/Labs/lab1/lot_counter.sv Line: 14
    Info (12023): Found entity 2: lot_counter_testbench File: C:/Users/bdavi/OneDrive/Desktop/EE371/Labs/lab1/lot_counter.sv Line: 78
Info (12021): Found 1 design units, including 1 entities, in source file de1_soc_lot.sv
    Info (12023): Found entity 1: DE1_SoC_lot File: C:/Users/bdavi/OneDrive/Desktop/EE371/Labs/lab1/DE1_SoC_lot.sv Line: 17
Info (12127): Elaborating entity "DE1_SoC_lot" for the top level hierarchy
Warning (10034): Output port "LEDR" at DE1_SoC_lot.sv(27) has no driver File: C:/Users/bdavi/OneDrive/Desktop/EE371/Labs/lab1/DE1_SoC_lot.sv Line: 27
Warning (10665): Bidirectional port "V_GPIO[24]" at DE1_SoC_lot.sv(29) has a one-way connection to bidirectional port "V_GPIO[35]" File: C:/Users/bdavi/OneDrive/Desktop/EE371/Labs/lab1/DE1_SoC_lot.sv Line: 29
Warning (10665): Bidirectional port "V_GPIO[23]" at DE1_SoC_lot.sv(29) has a one-way connection to bidirectional port "V_GPIO[34]" File: C:/Users/bdavi/OneDrive/Desktop/EE371/Labs/lab1/DE1_SoC_lot.sv Line: 29
Info (12128): Elaborating entity "lot_counter" for hierarchy "lot_counter:parker" File: C:/Users/bdavi/OneDrive/Desktop/EE371/Labs/lab1/DE1_SoC_lot.sv Line: 43
Info (12128): Elaborating entity "counter_25" for hierarchy "counter_25:c25" File: C:/Users/bdavi/OneDrive/Desktop/EE371/Labs/lab1/DE1_SoC_lot.sv Line: 47
Warning (13039): The following bidirectional pins have no drivers
    Warning (13040): bidirectional pin "V_GPIO[23]" has no driver File: C:/Users/bdavi/OneDrive/Desktop/EE371/Labs/lab1/DE1_SoC_lot.sv Line: 29
    Warning (13040): bidirectional pin "V_GPIO[24]" has no driver File: C:/Users/bdavi/OneDrive/Desktop/EE371/Labs/lab1/DE1_SoC_lot.sv Line: 29
    Warning (13040): bidirectional pin "V_GPIO[30]" has no driver File: C:/Users/bdavi/OneDrive/Desktop/EE371/Labs/lab1/DE1_SoC_lot.sv Line: 29
    Warning (13040): bidirectional pin "V_GPIO[25]" has no driver File: C:/Users/bdavi/OneDrive/Desktop/EE371/Labs/lab1/DE1_SoC_lot.sv Line: 29
    Warning (13040): bidirectional pin "V_GPIO[26]" has no driver File: C:/Users/bdavi/OneDrive/Desktop/EE371/Labs/lab1/DE1_SoC_lot.sv Line: 29
    Warning (13040): bidirectional pin "V_GPIO[27]" has no driver File: C:/Users/bdavi/OneDrive/Desktop/EE371/Labs/lab1/DE1_SoC_lot.sv Line: 29
    Warning (13040): bidirectional pin "V_GPIO[28]" has no driver File: C:/Users/bdavi/OneDrive/Desktop/EE371/Labs/lab1/DE1_SoC_lot.sv Line: 29
    Warning (13040): bidirectional pin "V_GPIO[29]" has no driver File: C:/Users/bdavi/OneDrive/Desktop/EE371/Labs/lab1/DE1_SoC_lot.sv Line: 29
    Warning (13040): bidirectional pin "V_GPIO[31]" has no driver File: C:/Users/bdavi/OneDrive/Desktop/EE371/Labs/lab1/DE1_SoC_lot.sv Line: 29
    Warning (13040): bidirectional pin "V_GPIO[32]" has no driver File: C:/Users/bdavi/OneDrive/Desktop/EE371/Labs/lab1/DE1_SoC_lot.sv Line: 29
    Warning (13040): bidirectional pin "V_GPIO[33]" has no driver File: C:/Users/bdavi/OneDrive/Desktop/EE371/Labs/lab1/DE1_SoC_lot.sv Line: 29
Warning (13009): TRI or OPNDRN buffers permanently enabled
    Warning (13010): Node "V_GPIO[34]~synth" File: C:/Users/bdavi/OneDrive/Desktop/EE371/Labs/lab1/DE1_SoC_lot.sv Line: 29
    Warning (13010): Node "V_GPIO[35]~synth" File: C:/Users/bdavi/OneDrive/Desktop/EE371/Labs/lab1/DE1_SoC_lot.sv Line: 29
Warning (13024): Output pins are stuck at VCC or GND
    Warning (13410): Pin "HEX1[5]" is stuck at VCC File: C:/Users/bdavi/OneDrive/Desktop/EE371/Labs/lab1/DE1_SoC_lot.sv Line: 22
    Warning (13410): Pin "HEX3[1]" is stuck at VCC File: C:/Users/bdavi/OneDrive/Desktop/EE371/Labs/lab1/DE1_SoC_lot.sv Line: 24
    Warning (13410): Pin "HEX3[2]" is stuck at VCC File: C:/Users/bdavi/OneDrive/Desktop/EE371/Labs/lab1/DE1_SoC_lot.sv Line: 24
    Warning (13410): Pin "HEX4[0]" is stuck at VCC File: C:/Users/bdavi/OneDrive/Desktop/EE371/Labs/lab1/DE1_SoC_lot.sv Line: 25
    Warning (13410): Pin "HEX4[6]" is stuck at VCC File: C:/Users/bdavi/OneDrive/Desktop/EE371/Labs/lab1/DE1_SoC_lot.sv Line: 25
    Warning (13410): Pin "HEX5[1]" is stuck at VCC File: C:/Users/bdavi/OneDrive/Desktop/EE371/Labs/lab1/DE1_SoC_lot.sv Line: 26
    Warning (13410): Pin "HEX5[2]" is stuck at VCC File: C:/Users/bdavi/OneDrive/Desktop/EE371/Labs/lab1/DE1_SoC_lot.sv Line: 26
    Warning (13410): Pin "LEDR[0]" is stuck at GND File: C:/Users/bdavi/OneDrive/Desktop/EE371/Labs/lab1/DE1_SoC_lot.sv Line: 27
    Warning (13410): Pin "LEDR[1]" is stuck at GND File: C:/Users/bdavi/OneDrive/Desktop/EE371/Labs/lab1/DE1_SoC_lot.sv Line: 27
    Warning (13410): Pin "LEDR[2]" is stuck at GND File: C:/Users/bdavi/OneDrive/Desktop/EE371/Labs/lab1/DE1_SoC_lot.sv Line: 27
    Warning (13410): Pin "LEDR[3]" is stuck at GND File: C:/Users/bdavi/OneDrive/Desktop/EE371/Labs/lab1/DE1_SoC_lot.sv Line: 27
    Warning (13410): Pin "LEDR[4]" is stuck at GND File: C:/Users/bdavi/OneDrive/Desktop/EE371/Labs/lab1/DE1_SoC_lot.sv Line: 27
    Warning (13410): Pin "LEDR[5]" is stuck at GND File: C:/Users/bdavi/OneDrive/Desktop/EE371/Labs/lab1/DE1_SoC_lot.sv Line: 27
    Warning (13410): Pin "LEDR[6]" is stuck at GND File: C:/Users/bdavi/OneDrive/Desktop/EE371/Labs/lab1/DE1_SoC_lot.sv Line: 27
    Warning (13410): Pin "LEDR[7]" is stuck at GND File: C:/Users/bdavi/OneDrive/Desktop/EE371/Labs/lab1/DE1_SoC_lot.sv Line: 27
    Warning (13410): Pin "LEDR[8]" is stuck at GND File: C:/Users/bdavi/OneDrive/Desktop/EE371/Labs/lab1/DE1_SoC_lot.sv Line: 27
    Warning (13410): Pin "LEDR[9]" is stuck at GND File: C:/Users/bdavi/OneDrive/Desktop/EE371/Labs/lab1/DE1_SoC_lot.sv Line: 27
Info (286030): Timing-Driven Synthesis is running
Info (16010): Generating hard_block partition "hard_block:auto_generated_inst"
    Info (16011): Adding 0 node(s), including 0 DDIO, 0 PLL, 0 transceiver and 0 LCELL
Info (21057): Implemented 121 device resources after synthesis - the final resource count might be different
    Info (21058): Implemented 1 input pins
    Info (21059): Implemented 52 output pins
    Info (21060): Implemented 13 bidirectional pins
    Info (21061): Implemented 55 logic cells
Info: Quartus Prime Analysis & Synthesis was successful. 0 errors, 37 warnings
    Info: Peak virtual memory: 4829 megabytes
    Info: Processing ended: Mon Mar 04 14:59:52 2024
    Info: Elapsed time: 00:00:28
    Info: Total CPU time (on all processors): 00:00:22


