Analysis & Synthesis report for lab4task2
Fri Feb 16 19:57:23 2024
Quartus Prime Version 17.0.0 Build 595 04/25/2017 SJ Lite Edition


---------------------
; Table of Contents ;
---------------------
  1. Legal Notice
  2. Analysis & Synthesis Summary
  3. Analysis & Synthesis Settings
  4. Parallel Compilation
  5. Analysis & Synthesis Source Files Read
  6. Analysis & Synthesis Resource Usage Summary
  7. Analysis & Synthesis Resource Utilization by Entity
  8. Analysis & Synthesis RAM Summary
  9. Analysis & Synthesis IP Cores Summary
 10. Registers Removed During Synthesis
 11. General Register Statistics
 12. Multiplexer Restructuring Statistics (Restructuring Performed)
 13. Source assignments for data_bin:asm|ram32x8:ram|altsyncram:altsyncram_component|altsyncram_epp1:auto_generated
 14. Parameter Settings for User Entity Instance: data_bin:asm|ram32x8:ram|altsyncram:altsyncram_component
 15. altsyncram Parameter Settings by Entity Instance
 16. Port Connectivity Checks: "hexadecimal:hx1"
 17. Port Connectivity Checks: "data_bin:asm|ram32x8:ram"
 18. Post-Synthesis Netlist Statistics for Top Partition
 19. Elapsed Time Per Partition
 20. Analysis & Synthesis Messages



----------------
; Legal Notice ;
----------------
Copyright (C) 2017  Intel Corporation. All rights reserved.
Your use of Intel Corporation's design tools, logic functions 
and other software and tools, and its AMPP partner logic 
functions, and any output files from any of the foregoing 
(including device programming or simulation files), and any 
associated documentation or information are expressly subject 
to the terms and conditions of the Intel Program License 
Subscription Agreement, the Intel Quartus Prime License Agreement,
the Intel MegaCore Function License Agreement, or other 
applicable license agreement, including, without limitation, 
that your use is for the sole purpose of programming logic 
devices manufactured by Intel and sold by Intel or its 
authorized distributors.  Please refer to the applicable 
agreement for further details.



+-------------------------------------------------------------------------------+
; Analysis & Synthesis Summary                                                  ;
+---------------------------------+---------------------------------------------+
; Analysis & Synthesis Status     ; Successful - Fri Feb 16 19:57:23 2024       ;
; Quartus Prime Version           ; 17.0.0 Build 595 04/25/2017 SJ Lite Edition ;
; Revision Name                   ; lab4task2                                   ;
; Top-level Entity Name           ; binary_fpga                                 ;
; Family                          ; Cyclone V                                   ;
; Logic utilization (in ALMs)     ; N/A                                         ;
; Total registers                 ; 44                                          ;
; Total pins                      ; 39                                          ;
; Total virtual pins              ; 0                                           ;
; Total block memory bits         ; 256                                         ;
; Total DSP Blocks                ; 0                                           ;
; Total HSSI RX PCSs              ; 0                                           ;
; Total HSSI PMA RX Deserializers ; 0                                           ;
; Total HSSI TX PCSs              ; 0                                           ;
; Total HSSI PMA TX Serializers   ; 0                                           ;
; Total PLLs                      ; 0                                           ;
; Total DLLs                      ; 0                                           ;
+---------------------------------+---------------------------------------------+


+---------------------------------------------------------------------------------------------------------------------------+
; Analysis & Synthesis Settings                                                                                             ;
+---------------------------------------------------------------------------------+--------------------+--------------------+
; Option                                                                          ; Setting            ; Default Value      ;
+---------------------------------------------------------------------------------+--------------------+--------------------+
; Device                                                                          ; 5CGXFC7C7F23C8     ;                    ;
; Top-level entity name                                                           ; binary_fpga        ; lab4task2          ;
; Family name                                                                     ; Cyclone V          ; Cyclone V          ;
; Use smart compilation                                                           ; Off                ; Off                ;
; Enable parallel Assembler and TimeQuest Timing Analyzer during compilation      ; On                 ; On                 ;
; Enable compact report table                                                     ; Off                ; Off                ;
; Restructure Multiplexers                                                        ; Auto               ; Auto               ;
; MLAB Add Timing Constraints For Mixed-Port Feed-Through Mode Setting Don't Care ; Off                ; Off                ;
; Create Debugging Nodes for IP Cores                                             ; Off                ; Off                ;
; Preserve fewer node names                                                       ; On                 ; On                 ;
; OpenCore Plus hardware evaluation                                               ; Enable             ; Enable             ;
; Verilog Version                                                                 ; Verilog_2001       ; Verilog_2001       ;
; VHDL Version                                                                    ; VHDL_1993          ; VHDL_1993          ;
; State Machine Processing                                                        ; Auto               ; Auto               ;
; Safe State Machine                                                              ; Off                ; Off                ;
; Extract Verilog State Machines                                                  ; On                 ; On                 ;
; Extract VHDL State Machines                                                     ; On                 ; On                 ;
; Ignore Verilog initial constructs                                               ; Off                ; Off                ;
; Iteration limit for constant Verilog loops                                      ; 5000               ; 5000               ;
; Iteration limit for non-constant Verilog loops                                  ; 250                ; 250                ;
; Add Pass-Through Logic to Inferred RAMs                                         ; On                 ; On                 ;
; Infer RAMs from Raw Logic                                                       ; On                 ; On                 ;
; Parallel Synthesis                                                              ; On                 ; On                 ;
; DSP Block Balancing                                                             ; Auto               ; Auto               ;
; NOT Gate Push-Back                                                              ; On                 ; On                 ;
; Power-Up Don't Care                                                             ; On                 ; On                 ;
; Remove Redundant Logic Cells                                                    ; Off                ; Off                ;
; Remove Duplicate Registers                                                      ; On                 ; On                 ;
; Ignore CARRY Buffers                                                            ; Off                ; Off                ;
; Ignore CASCADE Buffers                                                          ; Off                ; Off                ;
; Ignore GLOBAL Buffers                                                           ; Off                ; Off                ;
; Ignore ROW GLOBAL Buffers                                                       ; Off                ; Off                ;
; Ignore LCELL Buffers                                                            ; Off                ; Off                ;
; Ignore SOFT Buffers                                                             ; On                 ; On                 ;
; Limit AHDL Integers to 32 Bits                                                  ; Off                ; Off                ;
; Optimization Technique                                                          ; Balanced           ; Balanced           ;
; Carry Chain Length                                                              ; 70                 ; 70                 ;
; Auto Carry Chains                                                               ; On                 ; On                 ;
; Auto Open-Drain Pins                                                            ; On                 ; On                 ;
; Perform WYSIWYG Primitive Resynthesis                                           ; Off                ; Off                ;
; Auto ROM Replacement                                                            ; On                 ; On                 ;
; Auto RAM Replacement                                                            ; On                 ; On                 ;
; Auto DSP Block Replacement                                                      ; On                 ; On                 ;
; Auto Shift Register Replacement                                                 ; Auto               ; Auto               ;
; Allow Shift Register Merging across Hierarchies                                 ; Auto               ; Auto               ;
; Auto Clock Enable Replacement                                                   ; On                 ; On                 ;
; Strict RAM Replacement                                                          ; Off                ; Off                ;
; Allow Synchronous Control Signals                                               ; On                 ; On                 ;
; Force Use of Synchronous Clear Signals                                          ; Off                ; Off                ;
; Auto Resource Sharing                                                           ; Off                ; Off                ;
; Allow Any RAM Size For Recognition                                              ; Off                ; Off                ;
; Allow Any ROM Size For Recognition                                              ; Off                ; Off                ;
; Allow Any Shift Register Size For Recognition                                   ; Off                ; Off                ;
; Use LogicLock Constraints during Resource Balancing                             ; On                 ; On                 ;
; Ignore translate_off and synthesis_off directives                               ; Off                ; Off                ;
; Timing-Driven Synthesis                                                         ; On                 ; On                 ;
; Report Parameter Settings                                                       ; On                 ; On                 ;
; Report Source Assignments                                                       ; On                 ; On                 ;
; Report Connectivity Checks                                                      ; On                 ; On                 ;
; Ignore Maximum Fan-Out Assignments                                              ; Off                ; Off                ;
; Synchronization Register Chain Length                                           ; 3                  ; 3                  ;
; PowerPlay Power Optimization During Synthesis                                   ; Normal compilation ; Normal compilation ;
; HDL message level                                                               ; Level2             ; Level2             ;
; Suppress Register Optimization Related Messages                                 ; Off                ; Off                ;
; Number of Removed Registers Reported in Synthesis Report                        ; 5000               ; 5000               ;
; Number of Swept Nodes Reported in Synthesis Report                              ; 5000               ; 5000               ;
; Number of Inverted Registers Reported in Synthesis Report                       ; 100                ; 100                ;
; Clock MUX Protection                                                            ; On                 ; On                 ;
; Auto Gated Clock Conversion                                                     ; Off                ; Off                ;
; Block Design Naming                                                             ; Auto               ; Auto               ;
; SDC constraint protection                                                       ; Off                ; Off                ;
; Synthesis Effort                                                                ; Auto               ; Auto               ;
; Shift Register Replacement - Allow Asynchronous Clear Signal                    ; On                 ; On                 ;
; Pre-Mapping Resynthesis Optimization                                            ; Off                ; Off                ;
; Analysis & Synthesis Message Level                                              ; Medium             ; Medium             ;
; Disable Register Merging Across Hierarchies                                     ; Auto               ; Auto               ;
; Resource Aware Inference For Block RAM                                          ; On                 ; On                 ;
; Automatic Parallel Synthesis                                                    ; On                 ; On                 ;
; Partial Reconfiguration Bitstream ID                                            ; Off                ; Off                ;
+---------------------------------------------------------------------------------+--------------------+--------------------+


+------------------------------------------+
; Parallel Compilation                     ;
+----------------------------+-------------+
; Processors                 ; Number      ;
+----------------------------+-------------+
; Number detected on machine ; 8           ;
; Maximum allowed            ; 4           ;
;                            ;             ;
; Average used               ; 1.00        ;
; Maximum used               ; 4           ;
;                            ;             ;
; Usage by Processor         ; % Time Used ;
;     Processor 1            ; 100.0%      ;
;     Processors 2-4         ;   0.0%      ;
+----------------------------+-------------+


+---------------------------------------------------------------------------------------------------------------------------------------------------------------------------------+
; Analysis & Synthesis Source Files Read                                                                                                                                          ;
+----------------------------------+-----------------+----------------------------------+-------------------------------------------------------------------------------+---------+
; File Name with User-Entered Path ; Used in Netlist ; File Type                        ; File Name with Absolute Path                                                  ; Library ;
+----------------------------------+-----------------+----------------------------------+-------------------------------------------------------------------------------+---------+
; data_bin.sv                      ; yes             ; User SystemVerilog HDL File      ; C:/Users/bdavi/OneDrive/Desktop/EE 371/Labs/lab4/task2/data_bin.sv            ;         ;
; fsm_bin.sv                       ; yes             ; User SystemVerilog HDL File      ; C:/Users/bdavi/OneDrive/Desktop/EE 371/Labs/lab4/task2/fsm_bin.sv             ;         ;
; binary_fpga.sv                   ; yes             ; User SystemVerilog HDL File      ; C:/Users/bdavi/OneDrive/Desktop/EE 371/Labs/lab4/task2/binary_fpga.sv         ;         ;
; hexadecimal.sv                   ; yes             ; User SystemVerilog HDL File      ; C:/Users/bdavi/OneDrive/Desktop/EE 371/Labs/lab4/task2/hexadecimal.sv         ;         ;
; my_array.mif                     ; yes             ; User Memory Initialization File  ; C:/Users/bdavi/OneDrive/Desktop/EE 371/Labs/lab4/task2/my_array.mif           ;         ;
; ram32x8.v                        ; yes             ; User Wizard-Generated File       ; C:/Users/bdavi/OneDrive/Desktop/EE 371/Labs/lab4/task2/ram32x8.v              ;         ;
; altsyncram.tdf                   ; yes             ; Megafunction                     ; c:/intelfpga_lite/17.0/quartus/libraries/megafunctions/altsyncram.tdf         ;         ;
; stratix_ram_block.inc            ; yes             ; Megafunction                     ; c:/intelfpga_lite/17.0/quartus/libraries/megafunctions/stratix_ram_block.inc  ;         ;
; lpm_mux.inc                      ; yes             ; Megafunction                     ; c:/intelfpga_lite/17.0/quartus/libraries/megafunctions/lpm_mux.inc            ;         ;
; lpm_decode.inc                   ; yes             ; Megafunction                     ; c:/intelfpga_lite/17.0/quartus/libraries/megafunctions/lpm_decode.inc         ;         ;
; aglobal170.inc                   ; yes             ; Megafunction                     ; c:/intelfpga_lite/17.0/quartus/libraries/megafunctions/aglobal170.inc         ;         ;
; a_rdenreg.inc                    ; yes             ; Megafunction                     ; c:/intelfpga_lite/17.0/quartus/libraries/megafunctions/a_rdenreg.inc          ;         ;
; altrom.inc                       ; yes             ; Megafunction                     ; c:/intelfpga_lite/17.0/quartus/libraries/megafunctions/altrom.inc             ;         ;
; altram.inc                       ; yes             ; Megafunction                     ; c:/intelfpga_lite/17.0/quartus/libraries/megafunctions/altram.inc             ;         ;
; altdpram.inc                     ; yes             ; Megafunction                     ; c:/intelfpga_lite/17.0/quartus/libraries/megafunctions/altdpram.inc           ;         ;
; db/altsyncram_epp1.tdf           ; yes             ; Auto-Generated Megafunction      ; C:/Users/bdavi/OneDrive/Desktop/EE 371/Labs/lab4/task2/db/altsyncram_epp1.tdf ;         ;
+----------------------------------+-----------------+----------------------------------+-------------------------------------------------------------------------------+---------+


+--------------------------------------------------------------+
; Analysis & Synthesis Resource Usage Summary                  ;
+---------------------------------------------+----------------+
; Resource                                    ; Usage          ;
+---------------------------------------------+----------------+
; Estimate of Logic utilization (ALMs needed) ; 60             ;
;                                             ;                ;
; Combinational ALUT usage for logic          ; 95             ;
;     -- 7 input functions                    ; 0              ;
;     -- 6 input functions                    ; 25             ;
;     -- 5 input functions                    ; 4              ;
;     -- 4 input functions                    ; 24             ;
;     -- <=3 input functions                  ; 42             ;
;                                             ;                ;
; Dedicated logic registers                   ; 44             ;
;                                             ;                ;
; I/O pins                                    ; 39             ;
; Total MLAB memory bits                      ; 0              ;
; Total block memory bits                     ; 256            ;
;                                             ;                ;
; Total DSP Blocks                            ; 0              ;
;                                             ;                ;
; Maximum fan-out node                        ; CLOCK_50~input ;
; Maximum fan-out                             ; 52             ;
; Total fan-out                               ; 590            ;
; Average fan-out                             ; 2.62           ;
+---------------------------------------------+----------------+


+-----------------------------------------------------------------------------------------------------------------------------------------------------------------------------------------------------------------------------------------------------------------------------------------------+
; Analysis & Synthesis Resource Utilization by Entity                                                                                                                                                                                                                                           ;
+----------------------------------------------+---------------------+---------------------------+-------------------+------------+------+--------------+------------------------------------------------------------------------------------------------------+-----------------+--------------+
; Compilation Hierarchy Node                   ; Combinational ALUTs ; Dedicated Logic Registers ; Block Memory Bits ; DSP Blocks ; Pins ; Virtual Pins ; Full Hierarchy Name                                                                                  ; Entity Name     ; Library Name ;
+----------------------------------------------+---------------------+---------------------------+-------------------+------------+------+--------------+------------------------------------------------------------------------------------------------------+-----------------+--------------+
; |binary_fpga                                 ; 95 (2)              ; 44 (0)                    ; 256               ; 0          ; 39   ; 0            ; |binary_fpga                                                                                         ; binary_fpga     ; work         ;
;    |data_bin:asm|                            ; 76 (76)             ; 42 (42)                   ; 256               ; 0          ; 0    ; 0            ; |binary_fpga|data_bin:asm                                                                            ; data_bin        ; work         ;
;       |ram32x8:ram|                          ; 0 (0)               ; 0 (0)                     ; 256               ; 0          ; 0    ; 0            ; |binary_fpga|data_bin:asm|ram32x8:ram                                                                ; ram32x8         ; work         ;
;          |altsyncram:altsyncram_component|   ; 0 (0)               ; 0 (0)                     ; 256               ; 0          ; 0    ; 0            ; |binary_fpga|data_bin:asm|ram32x8:ram|altsyncram:altsyncram_component                                ; altsyncram      ; work         ;
;             |altsyncram_epp1:auto_generated| ; 0 (0)               ; 0 (0)                     ; 256               ; 0          ; 0    ; 0            ; |binary_fpga|data_bin:asm|ram32x8:ram|altsyncram:altsyncram_component|altsyncram_epp1:auto_generated ; altsyncram_epp1 ; work         ;
;    |fsm_bin:fsm|                             ; 3 (3)               ; 2 (2)                     ; 0                 ; 0          ; 0    ; 0            ; |binary_fpga|fsm_bin:fsm                                                                             ; fsm_bin         ; work         ;
;    |hexadecimal:hx0|                         ; 14 (14)             ; 0 (0)                     ; 0                 ; 0          ; 0    ; 0            ; |binary_fpga|hexadecimal:hx0                                                                         ; hexadecimal     ; work         ;
+----------------------------------------------+---------------------+---------------------------+-------------------+------------+------+--------------+------------------------------------------------------------------------------------------------------+-----------------+--------------+
Note: For table entries with two numbers listed, the numbers in parentheses indicate the number of resources of the given type used by the specific entity alone. The numbers listed outside of parentheses indicate the total resources of the given type used by the specific entity and all of its sub-entities in the hierarchy.


+-----------------------------------------------------------------------------------------------------------------------------------------------------------------------------------------------------------------+
; Analysis & Synthesis RAM Summary                                                                                                                                                                                ;
+----------------------------------------------------------------------------------------------------+------------+-------------+--------------+--------------+--------------+--------------+------+--------------+
; Name                                                                                               ; Type       ; Mode        ; Port A Depth ; Port A Width ; Port B Depth ; Port B Width ; Size ; MIF          ;
+----------------------------------------------------------------------------------------------------+------------+-------------+--------------+--------------+--------------+--------------+------+--------------+
; data_bin:asm|ram32x8:ram|altsyncram:altsyncram_component|altsyncram_epp1:auto_generated|ALTSYNCRAM ; M10K block ; Single Port ; 32           ; 8            ; --           ; --           ; 256  ; my_array.mif ;
+----------------------------------------------------------------------------------------------------+------------+-------------+--------------+--------------+--------------+--------------+------+--------------+


+-------------------------------------------------------------------------------------------------------------------------+
; Analysis & Synthesis IP Cores Summary                                                                                   ;
+--------+--------------+---------+--------------+--------------+---------------------------------------+-----------------+
; Vendor ; IP Core Name ; Version ; Release Date ; License Type ; Entity Instance                       ; IP Include File ;
+--------+--------------+---------+--------------+--------------+---------------------------------------+-----------------+
; Altera ; RAM: 1-PORT  ; 17.0    ; N/A          ; N/A          ; |binary_fpga|data_bin:asm|ram32x8:ram ; ram32x8.v       ;
+--------+--------------+---------+--------------+--------------+---------------------------------------+-----------------+


+---------------------------------------------------------------------------------+
; Registers Removed During Synthesis                                              ;
+----------------------------------------+----------------------------------------+
; Register name                          ; Reason for Removal                     ;
+----------------------------------------+----------------------------------------+
; fsm_bin:fsm|ps[2..31]                  ; Stuck at GND due to stuck port data_in ;
; Total Number of Removed Registers = 30 ;                                        ;
+----------------------------------------+----------------------------------------+


+------------------------------------------------------+
; General Register Statistics                          ;
+----------------------------------------------+-------+
; Statistic                                    ; Value ;
+----------------------------------------------+-------+
; Total registers                              ; 44    ;
; Number of registers using Synchronous Clear  ; 0     ;
; Number of registers using Synchronous Load   ; 0     ;
; Number of registers using Asynchronous Clear ; 0     ;
; Number of registers using Asynchronous Load  ; 0     ;
; Number of registers using Clock Enable       ; 40    ;
; Number of registers using Preset             ; 0     ;
+----------------------------------------------+-------+


+------------------------------------------------------------------------------------------------------------------------------------------------------+
; Multiplexer Restructuring Statistics (Restructuring Performed)                                                                                       ;
+--------------------+-----------+---------------+----------------------+------------------------+------------+----------------------------------------+
; Multiplexer Inputs ; Bus Width ; Baseline Area ; Area if Restructured ; Saving if Restructured ; Registered ; Example Multiplexer Output             ;
+--------------------+-----------+---------------+----------------------+------------------------+------------+----------------------------------------+
; 3:1                ; 4 bits    ; 8 LEs         ; 4 LEs                ; 4 LEs                  ; Yes        ; |binary_fpga|data_bin:asm|addr_temp[0] ;
; 5:1                ; 4 bits    ; 12 LEs        ; 8 LEs                ; 4 LEs                  ; Yes        ; |binary_fpga|data_bin:asm|addr[0]      ;
+--------------------+-----------+---------------+----------------------+------------------------+------------+----------------------------------------+


+----------------------------------------------------------------------------------------------------------------+
; Source assignments for data_bin:asm|ram32x8:ram|altsyncram:altsyncram_component|altsyncram_epp1:auto_generated ;
+---------------------------------+--------------------+------+--------------------------------------------------+
; Assignment                      ; Value              ; From ; To                                               ;
+---------------------------------+--------------------+------+--------------------------------------------------+
; OPTIMIZE_POWER_DURING_SYNTHESIS ; NORMAL_COMPILATION ; -    ; -                                                ;
+---------------------------------+--------------------+------+--------------------------------------------------+


+-------------------------------------------------------------------------------------------------------+
; Parameter Settings for User Entity Instance: data_bin:asm|ram32x8:ram|altsyncram:altsyncram_component ;
+------------------------------------+----------------------+-------------------------------------------+
; Parameter Name                     ; Value                ; Type                                      ;
+------------------------------------+----------------------+-------------------------------------------+
; BYTE_SIZE_BLOCK                    ; 8                    ; Untyped                                   ;
; AUTO_CARRY_CHAINS                  ; ON                   ; AUTO_CARRY                                ;
; IGNORE_CARRY_BUFFERS               ; OFF                  ; IGNORE_CARRY                              ;
; AUTO_CASCADE_CHAINS                ; ON                   ; AUTO_CASCADE                              ;
; IGNORE_CASCADE_BUFFERS             ; OFF                  ; IGNORE_CASCADE                            ;
; WIDTH_BYTEENA                      ; 1                    ; Untyped                                   ;
; OPERATION_MODE                     ; SINGLE_PORT          ; Untyped                                   ;
; WIDTH_A                            ; 8                    ; Signed Integer                            ;
; WIDTHAD_A                          ; 5                    ; Signed Integer                            ;
; NUMWORDS_A                         ; 32                   ; Signed Integer                            ;
; OUTDATA_REG_A                      ; CLOCK0               ; Untyped                                   ;
; ADDRESS_ACLR_A                     ; NONE                 ; Untyped                                   ;
; OUTDATA_ACLR_A                     ; NONE                 ; Untyped                                   ;
; WRCONTROL_ACLR_A                   ; NONE                 ; Untyped                                   ;
; INDATA_ACLR_A                      ; NONE                 ; Untyped                                   ;
; BYTEENA_ACLR_A                     ; NONE                 ; Untyped                                   ;
; WIDTH_B                            ; 1                    ; Untyped                                   ;
; WIDTHAD_B                          ; 1                    ; Untyped                                   ;
; NUMWORDS_B                         ; 1                    ; Untyped                                   ;
; INDATA_REG_B                       ; CLOCK1               ; Untyped                                   ;
; WRCONTROL_WRADDRESS_REG_B          ; CLOCK1               ; Untyped                                   ;
; RDCONTROL_REG_B                    ; CLOCK1               ; Untyped                                   ;
; ADDRESS_REG_B                      ; CLOCK1               ; Untyped                                   ;
; OUTDATA_REG_B                      ; UNREGISTERED         ; Untyped                                   ;
; BYTEENA_REG_B                      ; CLOCK1               ; Untyped                                   ;
; INDATA_ACLR_B                      ; NONE                 ; Untyped                                   ;
; WRCONTROL_ACLR_B                   ; NONE                 ; Untyped                                   ;
; ADDRESS_ACLR_B                     ; NONE                 ; Untyped                                   ;
; OUTDATA_ACLR_B                     ; NONE                 ; Untyped                                   ;
; RDCONTROL_ACLR_B                   ; NONE                 ; Untyped                                   ;
; BYTEENA_ACLR_B                     ; NONE                 ; Untyped                                   ;
; WIDTH_BYTEENA_A                    ; 1                    ; Signed Integer                            ;
; WIDTH_BYTEENA_B                    ; 1                    ; Untyped                                   ;
; RAM_BLOCK_TYPE                     ; M10K                 ; Untyped                                   ;
; BYTE_SIZE                          ; 8                    ; Untyped                                   ;
; READ_DURING_WRITE_MODE_MIXED_PORTS ; DONT_CARE            ; Untyped                                   ;
; READ_DURING_WRITE_MODE_PORT_A      ; NEW_DATA_NO_NBE_READ ; Untyped                                   ;
; READ_DURING_WRITE_MODE_PORT_B      ; NEW_DATA_NO_NBE_READ ; Untyped                                   ;
; INIT_FILE                          ; my_array.mif         ; Untyped                                   ;
; INIT_FILE_LAYOUT                   ; PORT_A               ; Untyped                                   ;
; MAXIMUM_DEPTH                      ; 0                    ; Untyped                                   ;
; CLOCK_ENABLE_INPUT_A               ; BYPASS               ; Untyped                                   ;
; CLOCK_ENABLE_INPUT_B               ; NORMAL               ; Untyped                                   ;
; CLOCK_ENABLE_OUTPUT_A              ; BYPASS               ; Untyped                                   ;
; CLOCK_ENABLE_OUTPUT_B              ; NORMAL               ; Untyped                                   ;
; CLOCK_ENABLE_CORE_A                ; USE_INPUT_CLKEN      ; Untyped                                   ;
; CLOCK_ENABLE_CORE_B                ; USE_INPUT_CLKEN      ; Untyped                                   ;
; ENABLE_ECC                         ; FALSE                ; Untyped                                   ;
; ECC_PIPELINE_STAGE_ENABLED         ; FALSE                ; Untyped                                   ;
; WIDTH_ECCSTATUS                    ; 3                    ; Untyped                                   ;
; DEVICE_FAMILY                      ; Cyclone V            ; Untyped                                   ;
; CBXI_PARAMETER                     ; altsyncram_epp1      ; Untyped                                   ;
+------------------------------------+----------------------+-------------------------------------------+
Note: In order to hide this table in the UI and the text report file, please set the "Show Parameter Settings in Synthesis Report" option in "Analysis and Synthesis Settings -> More Settings" to "Off".


+------------------------------------------------------------------------------------------------------+
; altsyncram Parameter Settings by Entity Instance                                                     ;
+-------------------------------------------+----------------------------------------------------------+
; Name                                      ; Value                                                    ;
+-------------------------------------------+----------------------------------------------------------+
; Number of entity instances                ; 1                                                        ;
; Entity Instance                           ; data_bin:asm|ram32x8:ram|altsyncram:altsyncram_component ;
;     -- OPERATION_MODE                     ; SINGLE_PORT                                              ;
;     -- WIDTH_A                            ; 8                                                        ;
;     -- NUMWORDS_A                         ; 32                                                       ;
;     -- OUTDATA_REG_A                      ; CLOCK0                                                   ;
;     -- WIDTH_B                            ; 1                                                        ;
;     -- NUMWORDS_B                         ; 1                                                        ;
;     -- ADDRESS_REG_B                      ; CLOCK1                                                   ;
;     -- OUTDATA_REG_B                      ; UNREGISTERED                                             ;
;     -- RAM_BLOCK_TYPE                     ; M10K                                                     ;
;     -- READ_DURING_WRITE_MODE_MIXED_PORTS ; DONT_CARE                                                ;
+-------------------------------------------+----------------------------------------------------------+


+----------------------------------------------------------------------------------------------------------------------------------------------------------------------+
; Port Connectivity Checks: "hexadecimal:hx1"                                                                                                                          ;
+------+-------+----------+--------------------------------------------------------------------------------------------------------------------------------------------+
; Port ; Type  ; Severity ; Details                                                                                                                                    ;
+------+-------+----------+--------------------------------------------------------------------------------------------------------------------------------------------+
; in   ; Input ; Warning  ; Input port expression (1 bits) is smaller than the input port (4 bits) it drives.  Extra input bit(s) "in[3..1]" will be connected to GND. ;
+------+-------+----------+--------------------------------------------------------------------------------------------------------------------------------------------+


+------------------------------------------------------------------------------------------------------------------------------------------------------------------------------------------------------------------+
; Port Connectivity Checks: "data_bin:asm|ram32x8:ram"                                                                                                                                                             ;
+----------+-------+----------+------------------------------------------------------------------------------------------------------------------------------------------------------------------------------------+
; Port     ; Type  ; Severity ; Details                                                                                                                                                                            ;
+----------+-------+----------+------------------------------------------------------------------------------------------------------------------------------------------------------------------------------------+
; data     ; Input ; Info     ; Stuck at GND                                                                                                                                                                       ;
; wren     ; Input ; Warning  ; Input port expression (32 bits) is wider than the input port (1 bits) it drives.  The 31 most-significant bit(s) in the expression will be dangling if they have no other fanouts. ;
; wren[-1] ; Input ; Info     ; Stuck at GND                                                                                                                                                                       ;
+----------+-------+----------+------------------------------------------------------------------------------------------------------------------------------------------------------------------------------------+


+-----------------------------------------------------+
; Post-Synthesis Netlist Statistics for Top Partition ;
+-----------------------+-----------------------------+
; Type                  ; Count                       ;
+-----------------------+-----------------------------+
; arriav_ff             ; 44                          ;
;     ENA               ; 40                          ;
;     plain             ; 4                           ;
; arriav_lcell_comb     ; 97                          ;
;     arith             ; 31                          ;
;         1 data inputs ; 30                          ;
;         2 data inputs ; 1                           ;
;     normal            ; 66                          ;
;         0 data inputs ; 2                           ;
;         1 data inputs ; 2                           ;
;         2 data inputs ; 2                           ;
;         3 data inputs ; 7                           ;
;         4 data inputs ; 24                          ;
;         5 data inputs ; 4                           ;
;         6 data inputs ; 25                          ;
; boundary_port         ; 39                          ;
; stratixv_ram_block    ; 8                           ;
;                       ;                             ;
; Max LUT depth         ; 4.00                        ;
; Average LUT depth     ; 2.90                        ;
+-----------------------+-----------------------------+


+-------------------------------+
; Elapsed Time Per Partition    ;
+----------------+--------------+
; Partition Name ; Elapsed Time ;
+----------------+--------------+
; Top            ; 00:00:01     ;
+----------------+--------------+


+-------------------------------+
; Analysis & Synthesis Messages ;
+-------------------------------+
Info: *******************************************************************
Info: Running Quartus Prime Analysis & Synthesis
    Info: Version 17.0.0 Build 595 04/25/2017 SJ Lite Edition
    Info: Processing started: Fri Feb 16 19:56:58 2024
Info: Command: quartus_map --read_settings_files=on --write_settings_files=off lab4task2 -c lab4task2
Warning (18236): Number of processors has not been specified which may cause overloading on shared machines.  Set the global assignment NUM_PARALLEL_PROCESSORS in your QSF to an appropriate value for best performance.
Info (20030): Parallel compilation is enabled and will use 4 of the 4 processors detected
Info (12021): Found 2 design units, including 2 entities, in source file data_bin.sv
    Info (12023): Found entity 1: data_bin File: C:/Users/bdavi/OneDrive/Desktop/EE 371/Labs/lab4/task2/data_bin.sv Line: 17
    Info (12023): Found entity 2: data_bin_tb File: C:/Users/bdavi/OneDrive/Desktop/EE 371/Labs/lab4/task2/data_bin.sv Line: 68
Info (12021): Found 2 design units, including 2 entities, in source file fsm_bin.sv
    Info (12023): Found entity 1: fsm_bin File: C:/Users/bdavi/OneDrive/Desktop/EE 371/Labs/lab4/task2/fsm_bin.sv Line: 11
    Info (12023): Found entity 2: fsm_bin_tb File: C:/Users/bdavi/OneDrive/Desktop/EE 371/Labs/lab4/task2/fsm_bin.sv Line: 53
Info (12021): Found 2 design units, including 2 entities, in source file binary_fpga.sv
    Info (12023): Found entity 1: binary_fpga File: C:/Users/bdavi/OneDrive/Desktop/EE 371/Labs/lab4/task2/binary_fpga.sv Line: 11
    Info (12023): Found entity 2: binary_fpga_tb File: C:/Users/bdavi/OneDrive/Desktop/EE 371/Labs/lab4/task2/binary_fpga.sv Line: 41
Info (12021): Found 2 design units, including 2 entities, in source file hexadecimal.sv
    Info (12023): Found entity 1: hexadecimal File: C:/Users/bdavi/OneDrive/Desktop/EE 371/Labs/lab4/task2/hexadecimal.sv Line: 15
    Info (12023): Found entity 2: hexadecimal_testbench File: C:/Users/bdavi/OneDrive/Desktop/EE 371/Labs/lab4/task2/hexadecimal.sv Line: 63
Info (12021): Found 1 design units, including 1 entities, in source file ram32x8.v
    Info (12023): Found entity 1: ram32x8 File: C:/Users/bdavi/OneDrive/Desktop/EE 371/Labs/lab4/task2/ram32x8.v Line: 40
Info (12021): Found 2 design units, including 2 entities, in source file complete_bin.sv
    Info (12023): Found entity 1: complete_bin File: C:/Users/bdavi/OneDrive/Desktop/EE 371/Labs/lab4/task2/complete_bin.sv Line: 5
    Info (12023): Found entity 2: complete_bin_tb File: C:/Users/bdavi/OneDrive/Desktop/EE 371/Labs/lab4/task2/complete_bin.sv Line: 42
Info (12127): Elaborating entity "binary_fpga" for the top level hierarchy
Warning (10034): Output port "LEDR" at binary_fpga.sv(15) has no driver File: C:/Users/bdavi/OneDrive/Desktop/EE 371/Labs/lab4/task2/binary_fpga.sv Line: 15
Info (12128): Elaborating entity "fsm_bin" for hierarchy "fsm_bin:fsm" File: C:/Users/bdavi/OneDrive/Desktop/EE 371/Labs/lab4/task2/binary_fpga.sv Line: 23
Info (12128): Elaborating entity "data_bin" for hierarchy "data_bin:asm" File: C:/Users/bdavi/OneDrive/Desktop/EE 371/Labs/lab4/task2/binary_fpga.sv Line: 26
Info (12128): Elaborating entity "ram32x8" for hierarchy "data_bin:asm|ram32x8:ram" File: C:/Users/bdavi/OneDrive/Desktop/EE 371/Labs/lab4/task2/data_bin.sv Line: 33
Info (12128): Elaborating entity "altsyncram" for hierarchy "data_bin:asm|ram32x8:ram|altsyncram:altsyncram_component" File: C:/Users/bdavi/OneDrive/Desktop/EE 371/Labs/lab4/task2/ram32x8.v Line: 86
Info (12130): Elaborated megafunction instantiation "data_bin:asm|ram32x8:ram|altsyncram:altsyncram_component" File: C:/Users/bdavi/OneDrive/Desktop/EE 371/Labs/lab4/task2/ram32x8.v Line: 86
Info (12133): Instantiated megafunction "data_bin:asm|ram32x8:ram|altsyncram:altsyncram_component" with the following parameter: File: C:/Users/bdavi/OneDrive/Desktop/EE 371/Labs/lab4/task2/ram32x8.v Line: 86
    Info (12134): Parameter "clock_enable_input_a" = "BYPASS"
    Info (12134): Parameter "clock_enable_output_a" = "BYPASS"
    Info (12134): Parameter "init_file" = "my_array.mif"
    Info (12134): Parameter "intended_device_family" = "Cyclone V"
    Info (12134): Parameter "lpm_hint" = "ENABLE_RUNTIME_MOD=NO"
    Info (12134): Parameter "lpm_type" = "altsyncram"
    Info (12134): Parameter "numwords_a" = "32"
    Info (12134): Parameter "operation_mode" = "SINGLE_PORT"
    Info (12134): Parameter "outdata_aclr_a" = "NONE"
    Info (12134): Parameter "outdata_reg_a" = "CLOCK0"
    Info (12134): Parameter "power_up_uninitialized" = "FALSE"
    Info (12134): Parameter "ram_block_type" = "M10K"
    Info (12134): Parameter "read_during_write_mode_port_a" = "NEW_DATA_NO_NBE_READ"
    Info (12134): Parameter "widthad_a" = "5"
    Info (12134): Parameter "width_a" = "8"
    Info (12134): Parameter "width_byteena_a" = "1"
Info (12021): Found 1 design units, including 1 entities, in source file db/altsyncram_epp1.tdf
    Info (12023): Found entity 1: altsyncram_epp1 File: C:/Users/bdavi/OneDrive/Desktop/EE 371/Labs/lab4/task2/db/altsyncram_epp1.tdf Line: 28
Info (12128): Elaborating entity "altsyncram_epp1" for hierarchy "data_bin:asm|ram32x8:ram|altsyncram:altsyncram_component|altsyncram_epp1:auto_generated" File: c:/intelfpga_lite/17.0/quartus/libraries/megafunctions/altsyncram.tdf Line: 792
Info (12128): Elaborating entity "hexadecimal" for hierarchy "hexadecimal:hx0" File: C:/Users/bdavi/OneDrive/Desktop/EE 371/Labs/lab4/task2/binary_fpga.sv Line: 29
Warning (10059): Verilog HDL Case Statement warning at hexadecimal.sv(55): case item expression never matches the case expression because it contains an 'x' or 'z' value File: C:/Users/bdavi/OneDrive/Desktop/EE 371/Labs/lab4/task2/hexadecimal.sv Line: 55
Warning (12241): 2 hierarchies have connectivity warnings - see the Connectivity Checks report folder
Warning (13024): Output pins are stuck at VCC or GND
    Warning (13410): Pin "LEDR[0]" is stuck at GND File: C:/Users/bdavi/OneDrive/Desktop/EE 371/Labs/lab4/task2/binary_fpga.sv Line: 15
    Warning (13410): Pin "LEDR[1]" is stuck at GND File: C:/Users/bdavi/OneDrive/Desktop/EE 371/Labs/lab4/task2/binary_fpga.sv Line: 15
    Warning (13410): Pin "LEDR[2]" is stuck at GND File: C:/Users/bdavi/OneDrive/Desktop/EE 371/Labs/lab4/task2/binary_fpga.sv Line: 15
    Warning (13410): Pin "LEDR[3]" is stuck at GND File: C:/Users/bdavi/OneDrive/Desktop/EE 371/Labs/lab4/task2/binary_fpga.sv Line: 15
    Warning (13410): Pin "LEDR[4]" is stuck at GND File: C:/Users/bdavi/OneDrive/Desktop/EE 371/Labs/lab4/task2/binary_fpga.sv Line: 15
    Warning (13410): Pin "LEDR[5]" is stuck at GND File: C:/Users/bdavi/OneDrive/Desktop/EE 371/Labs/lab4/task2/binary_fpga.sv Line: 15
    Warning (13410): Pin "LEDR[6]" is stuck at GND File: C:/Users/bdavi/OneDrive/Desktop/EE 371/Labs/lab4/task2/binary_fpga.sv Line: 15
    Warning (13410): Pin "LEDR[7]" is stuck at GND File: C:/Users/bdavi/OneDrive/Desktop/EE 371/Labs/lab4/task2/binary_fpga.sv Line: 15
    Warning (13410): Pin "LEDR[8]" is stuck at GND File: C:/Users/bdavi/OneDrive/Desktop/EE 371/Labs/lab4/task2/binary_fpga.sv Line: 15
    Warning (13410): Pin "LEDR[9]" is stuck at GND File: C:/Users/bdavi/OneDrive/Desktop/EE 371/Labs/lab4/task2/binary_fpga.sv Line: 15
    Warning (13410): Pin "HEX1[6]" is stuck at VCC File: C:/Users/bdavi/OneDrive/Desktop/EE 371/Labs/lab4/task2/binary_fpga.sv Line: 17
Info (286030): Timing-Driven Synthesis is running
Info (16010): Generating hard_block partition "hard_block:auto_generated_inst"
    Info (16011): Adding 0 node(s), including 0 DDIO, 0 PLL, 0 transceiver and 0 LCELL
Warning (21074): Design contains 4 input pin(s) that do not drive logic
    Warning (15610): No output dependent on input pin "SW[8]" File: C:/Users/bdavi/OneDrive/Desktop/EE 371/Labs/lab4/task2/binary_fpga.sv Line: 13
    Warning (15610): No output dependent on input pin "KEY[1]" File: C:/Users/bdavi/OneDrive/Desktop/EE 371/Labs/lab4/task2/binary_fpga.sv Line: 14
    Warning (15610): No output dependent on input pin "KEY[2]" File: C:/Users/bdavi/OneDrive/Desktop/EE 371/Labs/lab4/task2/binary_fpga.sv Line: 14
    Warning (15610): No output dependent on input pin "KEY[3]" File: C:/Users/bdavi/OneDrive/Desktop/EE 371/Labs/lab4/task2/binary_fpga.sv Line: 14
Info (21057): Implemented 142 device resources after synthesis - the final resource count might be different
    Info (21058): Implemented 15 input pins
    Info (21059): Implemented 24 output pins
    Info (21061): Implemented 95 logic cells
    Info (21064): Implemented 8 RAM segments
Info: Quartus Prime Analysis & Synthesis was successful. 0 errors, 21 warnings
    Info: Peak virtual memory: 4833 megabytes
    Info: Processing ended: Fri Feb 16 19:57:23 2024
    Info: Elapsed time: 00:00:25
    Info: Total CPU time (on all processors): 00:00:27


